2025-10-19T22:07:22.482+07:00  INFO 23084 --- [orderservice] [restartedMain] c.c.o.o.c.OrderserviceApplication        : Starting OrderserviceApplication using Java 21.0.7 with PID 23084 (C:\Users\ADMIN\Desktop\kientruc\New folder\Orderservice\backend\orderservice\order-container\target\classes started by ADMIN in C:\Users\ADMIN\Desktop\kientruc\New folder\Orderservice\backend\orderservice\order-container)
2025-10-19T22:07:22.483+07:00  INFO 23084 --- [orderservice] [restartedMain] c.c.o.o.c.OrderserviceApplication        : No active profile set, falling back to 1 default profile: "default"
2025-10-19T22:07:22.760+07:00  INFO 23084 --- [orderservice] [restartedMain] .s.d.r.c.RepositoryConfigurationDelegate : Bootstrapping Spring Data JPA repositories in DEFAULT mode.
2025-10-19T22:07:22.787+07:00  INFO 23084 --- [orderservice] [restartedMain] .s.d.r.c.RepositoryConfigurationDelegate : Finished Spring Data repository scanning in 24 ms. Found 1 JPA repository interface.
2025-10-19T22:07:22.957+07:00  INFO 23084 --- [orderservice] [restartedMain] o.s.b.w.embedded.tomcat.TomcatWebServer  : Tomcat initialized with port 8888 (http)
2025-10-19T22:07:22.959+07:00  INFO 23084 --- [orderservice] [restartedMain] o.apache.catalina.core.StandardService   : Starting service [Tomcat]
2025-10-19T22:07:22.961+07:00  INFO 23084 --- [orderservice] [restartedMain] o.apache.catalina.core.StandardEngine    : Starting Servlet engine: [Apache Tomcat/10.1.46]
2025-10-19T22:07:22.984+07:00  INFO 23084 --- [orderservice] [restartedMain] o.a.c.c.C.[Tomcat].[localhost].[/]       : Initializing Spring embedded WebApplicationContext
2025-10-19T22:07:22.984+07:00  INFO 23084 --- [orderservice] [restartedMain] w.s.c.ServletWebServerApplicationContext : Root WebApplicationContext: initialization completed in 495 ms
2025-10-19T22:07:23.027+07:00  INFO 23084 --- [orderservice] [restartedMain] o.hibernate.jpa.internal.util.LogHelper  : HHH000204: Processing PersistenceUnitInfo [name: default]
2025-10-19T22:07:23.034+07:00  INFO 23084 --- [orderservice] [restartedMain] o.h.c.internal.RegionFactoryInitiator    : HHH000026: Second-level cache disabled
2025-10-19T22:07:23.052+07:00  INFO 23084 --- [orderservice] [restartedMain] o.s.o.j.p.SpringPersistenceUnitInfo      : No LoadTimeWeaver setup: ignoring JPA class transformer
2025-10-19T22:07:23.054+07:00  INFO 23084 --- [orderservice] [restartedMain] com.zaxxer.hikari.HikariDataSource       : HikariPool-3 - Starting...
2025-10-19T22:07:23.100+07:00  INFO 23084 --- [orderservice] [restartedMain] com.zaxxer.hikari.pool.HikariPool        : HikariPool-3 - Added connection org.postgresql.jdbc.PgConnection@4141c393
2025-10-19T22:07:23.100+07:00  INFO 23084 --- [orderservice] [restartedMain] com.zaxxer.hikari.HikariDataSource       : HikariPool-3 - Start completed.
2025-10-19T22:07:23.109+07:00  WARN 23084 --- [orderservice] [restartedMain] org.hibernate.orm.deprecation            : HHH90000025: PostgreSQLDialect does not need to be specified explicitly using 'hibernate.dialect' (remove the property setting and it will be selected by default)
2025-10-19T22:07:23.111+07:00  INFO 23084 --- [orderservice] [restartedMain] org.hibernate.orm.connections.pooling    : HHH10001005: Database info:
	Database JDBC URL [Connecting through datasource 'HikariDataSource (HikariPool-3)']
	Database driver: undefined/unknown
	Database version: 14.19
	Autocommit mode: undefined/unknown
	Isolation level: undefined/unknown
	Minimum pool size: undefined/unknown
	Maximum pool size: undefined/unknown
2025-10-19T22:07:23.215+07:00  INFO 23084 --- [orderservice] [restartedMain] o.h.e.t.j.p.i.JtaPlatformInitiator       : HHH000489: No JTA platform available (set 'hibernate.transaction.jta.platform' to enable JTA platform integration)
2025-10-19T22:07:23.355+07:00  INFO 23084 --- [orderservice] [restartedMain] j.LocalContainerEntityManagerFactoryBean : Initialized JPA EntityManagerFactory for persistence unit 'default'
2025-10-19T22:07:23.448+07:00  WARN 23084 --- [orderservice] [restartedMain] JpaBaseConfiguration$JpaWebConfiguration : spring.jpa.open-in-view is enabled by default. Therefore, database queries may be performed during view rendering. Explicitly configure spring.jpa.open-in-view to disable this warning
2025-10-19T22:07:23.517+07:00  INFO 23084 --- [orderservice] [restartedMain] o.s.b.d.a.OptionalLiveReloadServer       : LiveReload server is running on port 35729
2025-10-19T22:07:23.527+07:00  INFO 23084 --- [orderservice] [restartedMain] o.s.b.w.embedded.tomcat.TomcatWebServer  : Tomcat started on port 8888 (http) with context path '/'
2025-10-19T22:07:23.531+07:00  INFO 23084 --- [orderservice] [restartedMain] c.c.o.o.c.OrderserviceApplication        : Started OrderserviceApplication in 1.099 seconds (process running for 1484.658)
2025-10-19T22:07:23.534+07:00  INFO 23084 --- [orderservice] [restartedMain] .ConditionEvaluationDeltaLoggingListener : Condition evaluation unchanged
2025-10-19T22:07:26.914+07:00  INFO 23084 --- [orderservice] [http-nio-8888-exec-2] o.a.c.c.C.[Tomcat].[localhost].[/]       : Initializing Spring DispatcherServlet 'dispatcherServlet'
2025-10-19T22:07:26.914+07:00  INFO 23084 --- [orderservice] [http-nio-8888-exec-2] o.s.web.servlet.DispatcherServlet        : Initializing Servlet 'dispatcherServlet'
2025-10-19T22:07:26.915+07:00  INFO 23084 --- [orderservice] [http-nio-8888-exec-2] o.s.web.servlet.DispatcherServlet        : Completed initialization in 1 ms
2025-10-19T22:07:26.932+07:00  INFO 23084 --- [orderservice] [http-nio-8888-exec-2] c.c.o.o.rest.OrderController             : Creating order for customer: d215b5f8-0249-4dc5-89a3-51fd148cfb41 at restaurant: d215b5f8-0249-4dc5-89a3-51fd148cfb45
2025-10-19T22:07:26.932+07:00  INFO 23084 --- [orderservice] [http-nio-8888-exec-2] c.c.o.o.h.OrderApplicationServiceImpl    : Received create order command for customer: d215b5f8-0249-4dc5-89a3-51fd148cfb41 and restaurant: d215b5f8-0249-4dc5-89a3-51fd148cfb45
2025-10-19T22:07:26.966+07:00  INFO 23084 --- [orderservice] [http-nio-8888-exec-2] c.c.o.o.handler.OrderCreateHelper        : Order is saved with id: 27bd2d36-610a-4ac2-92a9-ca87cdbbcae5
2025-10-19T22:07:26.984+07:00  INFO 23084 --- [orderservice] [http-nio-8888-exec-2] c.c.o.o.h.OrderCreateCommandHandler      : Order is created with id: 27bd2d36-610a-4ac2-92a9-ca87cdbbcae5
2025-10-19T22:07:26.984+07:00  INFO 23084 --- [orderservice] [http-nio-8888-exec-2] c.c.o.o.rest.OrderController             : Order created with tracking id: fb736234-7331-4b0c-8f3d-ca0a9a831d43
2025-10-19T22:08:40.732+07:00  INFO 23084 --- [orderservice] [File Watcher] rtingClassPathChangeChangedEventListener : Restarting due to 1 class path change (0 additions, 0 deletions, 1 modification)
2025-10-19T22:08:40.733+07:00  INFO 23084 --- [orderservice] [Thread-11] o.s.b.w.e.tomcat.GracefulShutdown        : Commencing graceful shutdown. Waiting for active requests to complete
2025-10-19T22:08:40.742+07:00  INFO 23084 --- [orderservice] [tomcat-shutdown] o.s.b.w.e.tomcat.GracefulShutdown        : Graceful shutdown complete
2025-10-19T22:08:40.744+07:00  INFO 23084 --- [orderservice] [Thread-11] j.LocalContainerEntityManagerFactoryBean : Closing JPA EntityManagerFactory for persistence unit 'default'
2025-10-19T22:08:40.746+07:00  INFO 23084 --- [orderservice] [Thread-11] com.zaxxer.hikari.HikariDataSource       : HikariPool-3 - Shutdown initiated...
2025-10-19T22:08:40.750+07:00  INFO 23084 --- [orderservice] [Thread-11] com.zaxxer.hikari.HikariDataSource       : HikariPool-3 - Shutdown completed.
2025-10-19T22:08:40.895+07:00  INFO 23084 --- [orderservice] [restartedMain] c.c.o.o.c.OrderserviceApplication        : Starting OrderserviceApplication using Java 21.0.7 with PID 23084 (C:\Users\ADMIN\Desktop\kientruc\New folder\Orderservice\backend\orderservice\order-container\target\classes started by ADMIN in C:\Users\ADMIN\Desktop\kientruc\New folder\Orderservice\backend\orderservice\order-container)
2025-10-19T22:08:40.897+07:00  INFO 23084 --- [orderservice] [restartedMain] c.c.o.o.c.OrderserviceApplication        : No active profile set, falling back to 1 default profile: "default"
2025-10-19T22:08:41.135+07:00  INFO 23084 --- [orderservice] [restartedMain] .s.d.r.c.RepositoryConfigurationDelegate : Bootstrapping Spring Data JPA repositories in DEFAULT mode.
2025-10-19T22:08:41.148+07:00  INFO 23084 --- [orderservice] [restartedMain] .s.d.r.c.RepositoryConfigurationDelegate : Finished Spring Data repository scanning in 11 ms. Found 1 JPA repository interface.
2025-10-19T22:08:41.287+07:00  INFO 23084 --- [orderservice] [restartedMain] o.s.b.w.embedded.tomcat.TomcatWebServer  : Tomcat initialized with port 8888 (http)
2025-10-19T22:08:41.290+07:00  INFO 23084 --- [orderservice] [restartedMain] o.apache.catalina.core.StandardService   : Starting service [Tomcat]
2025-10-19T22:08:41.290+07:00  INFO 23084 --- [orderservice] [restartedMain] o.apache.catalina.core.StandardEngine    : Starting Servlet engine: [Apache Tomcat/10.1.46]
2025-10-19T22:08:41.325+07:00  INFO 23084 --- [orderservice] [restartedMain] o.a.c.c.C.[Tomcat].[localhost].[/]       : Initializing Spring embedded WebApplicationContext
2025-10-19T22:08:41.325+07:00  INFO 23084 --- [orderservice] [restartedMain] w.s.c.ServletWebServerApplicationContext : Root WebApplicationContext: initialization completed in 423 ms
2025-10-19T22:08:41.358+07:00  INFO 23084 --- [orderservice] [restartedMain] o.hibernate.jpa.internal.util.LogHelper  : HHH000204: Processing PersistenceUnitInfo [name: default]
2025-10-19T22:08:41.365+07:00  INFO 23084 --- [orderservice] [restartedMain] o.h.c.internal.RegionFactoryInitiator    : HHH000026: Second-level cache disabled
2025-10-19T22:08:41.387+07:00  INFO 23084 --- [orderservice] [restartedMain] o.s.o.j.p.SpringPersistenceUnitInfo      : No LoadTimeWeaver setup: ignoring JPA class transformer
2025-10-19T22:08:41.390+07:00  INFO 23084 --- [orderservice] [restartedMain] com.zaxxer.hikari.HikariDataSource       : HikariPool-4 - Starting...
2025-10-19T22:08:41.447+07:00  INFO 23084 --- [orderservice] [restartedMain] com.zaxxer.hikari.pool.HikariPool        : HikariPool-4 - Added connection org.postgresql.jdbc.PgConnection@34321d65
2025-10-19T22:08:41.448+07:00  INFO 23084 --- [orderservice] [restartedMain] com.zaxxer.hikari.HikariDataSource       : HikariPool-4 - Start completed.
2025-10-19T22:08:41.458+07:00  WARN 23084 --- [orderservice] [restartedMain] org.hibernate.orm.deprecation            : HHH90000025: PostgreSQLDialect does not need to be specified explicitly using 'hibernate.dialect' (remove the property setting and it will be selected by default)
2025-10-19T22:08:41.460+07:00  INFO 23084 --- [orderservice] [restartedMain] org.hibernate.orm.connections.pooling    : HHH10001005: Database info:
	Database JDBC URL [Connecting through datasource 'HikariDataSource (HikariPool-4)']
	Database driver: undefined/unknown
	Database version: 14.19
	Autocommit mode: undefined/unknown
	Isolation level: undefined/unknown
	Minimum pool size: undefined/unknown
	Maximum pool size: undefined/unknown
2025-10-19T22:08:41.580+07:00  INFO 23084 --- [orderservice] [restartedMain] o.h.e.t.j.p.i.JtaPlatformInitiator       : HHH000489: No JTA platform available (set 'hibernate.transaction.jta.platform' to enable JTA platform integration)
2025-10-19T22:08:41.751+07:00  INFO 23084 --- [orderservice] [restartedMain] j.LocalContainerEntityManagerFactoryBean : Initialized JPA EntityManagerFactory for persistence unit 'default'
2025-10-19T22:08:41.906+07:00  WARN 23084 --- [orderservice] [restartedMain] JpaBaseConfiguration$JpaWebConfiguration : spring.jpa.open-in-view is enabled by default. Therefore, database queries may be performed during view rendering. Explicitly configure spring.jpa.open-in-view to disable this warning
2025-10-19T22:08:41.994+07:00  INFO 23084 --- [orderservice] [restartedMain] o.s.b.d.a.OptionalLiveReloadServer       : LiveReload server is running on port 35729
2025-10-19T22:08:42.002+07:00  INFO 23084 --- [orderservice] [restartedMain] o.s.b.w.embedded.tomcat.TomcatWebServer  : Tomcat started on port 8888 (http) with context path '/'
2025-10-19T22:08:42.007+07:00  INFO 23084 --- [orderservice] [restartedMain] c.c.o.o.c.OrderserviceApplication        : Started OrderserviceApplication in 1.175 seconds (process running for 1563.134)
2025-10-19T22:08:42.008+07:00  INFO 23084 --- [orderservice] [restartedMain] .ConditionEvaluationDeltaLoggingListener : Condition evaluation unchanged
2025-10-19T22:08:47.495+07:00  INFO 23084 --- [orderservice] [http-nio-8888-exec-2] o.a.c.c.C.[Tomcat].[localhost].[/]       : Initializing Spring DispatcherServlet 'dispatcherServlet'
2025-10-19T22:08:47.495+07:00  INFO 23084 --- [orderservice] [http-nio-8888-exec-2] o.s.web.servlet.DispatcherServlet        : Initializing Servlet 'dispatcherServlet'
2025-10-19T22:08:47.496+07:00  INFO 23084 --- [orderservice] [http-nio-8888-exec-2] o.s.web.servlet.DispatcherServlet        : Completed initialization in 1 ms
2025-10-19T22:08:47.514+07:00  INFO 23084 --- [orderservice] [http-nio-8888-exec-2] c.c.o.o.rest.OrderController             : Creating order for customer: d215b5f8-0249-4dc5-89a3-51fd148cfb41 at restaurant: d215b5f8-0249-4dc5-89a3-51fd148cfb45
2025-10-19T22:08:47.515+07:00  INFO 23084 --- [orderservice] [http-nio-8888-exec-2] c.c.o.o.h.OrderApplicationServiceImpl    : Received create order command for customer: d215b5f8-0249-4dc5-89a3-51fd148cfb41 and restaurant: d215b5f8-0249-4dc5-89a3-51fd148cfb45
2025-10-19T22:08:47.545+07:00  INFO 23084 --- [orderservice] [http-nio-8888-exec-2] c.c.o.o.handler.OrderCreateHelper        : Order is saved with id: 6acf6482-b032-49ac-a300-bc4c99d115c2
2025-10-19T22:08:47.560+07:00  INFO 23084 --- [orderservice] [http-nio-8888-exec-2] c.c.o.o.h.OrderCreateCommandHandler      : Order is created with id: 6acf6482-b032-49ac-a300-bc4c99d115c2
2025-10-19T22:08:47.561+07:00  INFO 23084 --- [orderservice] [http-nio-8888-exec-2] c.c.o.o.rest.OrderController             : Order created with tracking id: f574d776-f164-4d3e-9b32-b000381db696
2025-10-19T22:10:12.326+07:00  INFO 23084 --- [orderservice] [File Watcher] rtingClassPathChangeChangedEventListener : Restarting due to 1 class path change (0 additions, 0 deletions, 1 modification)
2025-10-19T22:10:12.327+07:00  INFO 23084 --- [orderservice] [Thread-15] o.s.b.w.e.tomcat.GracefulShutdown        : Commencing graceful shutdown. Waiting for active requests to complete
2025-10-19T22:10:12.332+07:00  INFO 23084 --- [orderservice] [tomcat-shutdown] o.s.b.w.e.tomcat.GracefulShutdown        : Graceful shutdown complete
2025-10-19T22:10:12.334+07:00  INFO 23084 --- [orderservice] [Thread-15] j.LocalContainerEntityManagerFactoryBean : Closing JPA EntityManagerFactory for persistence unit 'default'
2025-10-19T22:10:12.335+07:00  INFO 23084 --- [orderservice] [Thread-15] com.zaxxer.hikari.HikariDataSource       : HikariPool-4 - Shutdown initiated...
2025-10-19T22:10:12.340+07:00  INFO 23084 --- [orderservice] [Thread-15] com.zaxxer.hikari.HikariDataSource       : HikariPool-4 - Shutdown completed.
2025-10-19T22:10:12.443+07:00  INFO 23084 --- [orderservice] [restartedMain] c.c.o.o.c.OrderserviceApplication        : Starting OrderserviceApplication using Java 21.0.7 with PID 23084 (C:\Users\ADMIN\Desktop\kientruc\New folder\Orderservice\backend\orderservice\order-container\target\classes started by ADMIN in C:\Users\ADMIN\Desktop\kientruc\New folder\Orderservice\backend\orderservice\order-container)
2025-10-19T22:10:12.444+07:00  INFO 23084 --- [orderservice] [restartedMain] c.c.o.o.c.OrderserviceApplication        : No active profile set, falling back to 1 default profile: "default"
2025-10-19T22:10:12.648+07:00  INFO 23084 --- [orderservice] [restartedMain] .s.d.r.c.RepositoryConfigurationDelegate : Bootstrapping Spring Data JPA repositories in DEFAULT mode.
2025-10-19T22:10:12.657+07:00  INFO 23084 --- [orderservice] [restartedMain] .s.d.r.c.RepositoryConfigurationDelegate : Finished Spring Data repository scanning in 7 ms. Found 1 JPA repository interface.
2025-10-19T22:10:12.802+07:00  INFO 23084 --- [orderservice] [restartedMain] o.s.b.w.embedded.tomcat.TomcatWebServer  : Tomcat initialized with port 8888 (http)
2025-10-19T22:10:12.805+07:00  INFO 23084 --- [orderservice] [restartedMain] o.apache.catalina.core.StandardService   : Starting service [Tomcat]
2025-10-19T22:10:12.805+07:00  INFO 23084 --- [orderservice] [restartedMain] o.apache.catalina.core.StandardEngine    : Starting Servlet engine: [Apache Tomcat/10.1.46]
2025-10-19T22:10:12.825+07:00  INFO 23084 --- [orderservice] [restartedMain] o.a.c.c.C.[Tomcat].[localhost].[/]       : Initializing Spring embedded WebApplicationContext
2025-10-19T22:10:12.825+07:00  INFO 23084 --- [orderservice] [restartedMain] w.s.c.ServletWebServerApplicationContext : Root WebApplicationContext: initialization completed in 377 ms
2025-10-19T22:10:12.849+07:00  INFO 23084 --- [orderservice] [restartedMain] o.hibernate.jpa.internal.util.LogHelper  : HHH000204: Processing PersistenceUnitInfo [name: default]
2025-10-19T22:10:12.856+07:00  INFO 23084 --- [orderservice] [restartedMain] o.h.c.internal.RegionFactoryInitiator    : HHH000026: Second-level cache disabled
2025-10-19T22:10:12.870+07:00  INFO 23084 --- [orderservice] [restartedMain] o.s.o.j.p.SpringPersistenceUnitInfo      : No LoadTimeWeaver setup: ignoring JPA class transformer
2025-10-19T22:10:12.872+07:00  INFO 23084 --- [orderservice] [restartedMain] com.zaxxer.hikari.HikariDataSource       : HikariPool-5 - Starting...
2025-10-19T22:10:12.909+07:00  INFO 23084 --- [orderservice] [restartedMain] com.zaxxer.hikari.pool.HikariPool        : HikariPool-5 - Added connection org.postgresql.jdbc.PgConnection@62f6cfbf
2025-10-19T22:10:12.909+07:00  INFO 23084 --- [orderservice] [restartedMain] com.zaxxer.hikari.HikariDataSource       : HikariPool-5 - Start completed.
2025-10-19T22:10:12.919+07:00  WARN 23084 --- [orderservice] [restartedMain] org.hibernate.orm.deprecation            : HHH90000025: PostgreSQLDialect does not need to be specified explicitly using 'hibernate.dialect' (remove the property setting and it will be selected by default)
2025-10-19T22:10:12.922+07:00  INFO 23084 --- [orderservice] [restartedMain] org.hibernate.orm.connections.pooling    : HHH10001005: Database info:
	Database JDBC URL [Connecting through datasource 'HikariDataSource (HikariPool-5)']
	Database driver: undefined/unknown
	Database version: 14.19
	Autocommit mode: undefined/unknown
	Isolation level: undefined/unknown
	Minimum pool size: undefined/unknown
	Maximum pool size: undefined/unknown
2025-10-19T22:10:12.994+07:00  INFO 23084 --- [orderservice] [restartedMain] o.h.e.t.j.p.i.JtaPlatformInitiator       : HHH000489: No JTA platform available (set 'hibernate.transaction.jta.platform' to enable JTA platform integration)
2025-10-19T22:10:13.122+07:00  INFO 23084 --- [orderservice] [restartedMain] j.LocalContainerEntityManagerFactoryBean : Initialized JPA EntityManagerFactory for persistence unit 'default'
2025-10-19T22:10:13.229+07:00  WARN 23084 --- [orderservice] [restartedMain] JpaBaseConfiguration$JpaWebConfiguration : spring.jpa.open-in-view is enabled by default. Therefore, database queries may be performed during view rendering. Explicitly configure spring.jpa.open-in-view to disable this warning
2025-10-19T22:10:13.315+07:00  INFO 23084 --- [orderservice] [restartedMain] o.s.b.d.a.OptionalLiveReloadServer       : LiveReload server is running on port 35729
2025-10-19T22:10:13.325+07:00  INFO 23084 --- [orderservice] [restartedMain] o.s.b.w.embedded.tomcat.TomcatWebServer  : Tomcat started on port 8888 (http) with context path '/'
2025-10-19T22:10:13.328+07:00  INFO 23084 --- [orderservice] [restartedMain] c.c.o.o.c.OrderserviceApplication        : Started OrderserviceApplication in 0.925 seconds (process running for 1654.456)
2025-10-19T22:10:13.331+07:00  INFO 23084 --- [orderservice] [restartedMain] .ConditionEvaluationDeltaLoggingListener : Condition evaluation unchanged
2025-10-19T22:10:18.125+07:00  INFO 23084 --- [orderservice] [http-nio-8888-exec-1] o.a.c.c.C.[Tomcat].[localhost].[/]       : Initializing Spring DispatcherServlet 'dispatcherServlet'
2025-10-19T22:10:18.125+07:00  INFO 23084 --- [orderservice] [http-nio-8888-exec-1] o.s.web.servlet.DispatcherServlet        : Initializing Servlet 'dispatcherServlet'
2025-10-19T22:10:18.129+07:00  INFO 23084 --- [orderservice] [http-nio-8888-exec-1] o.s.web.servlet.DispatcherServlet        : Completed initialization in 1 ms
2025-10-19T22:10:18.159+07:00  INFO 23084 --- [orderservice] [http-nio-8888-exec-1] c.c.o.o.rest.OrderController             : Creating order for customer: d215b5f8-0249-4dc5-89a3-51fd148cfb41 at restaurant: d215b5f8-0249-4dc5-89a3-51fd148cfb45
2025-10-19T22:10:18.160+07:00  INFO 23084 --- [orderservice] [http-nio-8888-exec-1] c.c.o.o.h.OrderApplicationServiceImpl    : Received create order command for customer: d215b5f8-0249-4dc5-89a3-51fd148cfb41 and restaurant: d215b5f8-0249-4dc5-89a3-51fd148cfb45
2025-10-19T22:10:18.198+07:00  INFO 23084 --- [orderservice] [http-nio-8888-exec-1] c.c.o.o.handler.OrderCreateHelper        : Order is saved with id: 208d5bac-8d39-4c4f-84c7-cc3d0a41069c
2025-10-19T22:10:18.210+07:00  INFO 23084 --- [orderservice] [http-nio-8888-exec-1] c.c.o.o.h.OrderCreateCommandHandler      : Order is created with id: 208d5bac-8d39-4c4f-84c7-cc3d0a41069c
2025-10-19T22:10:18.211+07:00  INFO 23084 --- [orderservice] [http-nio-8888-exec-1] c.c.o.o.rest.OrderController             : Order created with tracking id: 622c7b7c-5068-49b5-9251-8c3d32a35afa
2025-10-19T22:13:10.098+07:00  INFO 23084 --- [orderservice] [http-nio-8888-exec-5] c.c.o.o.rest.OrderController             : Creating order for customer: d215b5f8-0249-4dc5-89a3-51fd148cfb41 at restaurant: d215b5f8-0249-4dc5-89a3-51fd148cfb45
2025-10-19T22:13:10.098+07:00  INFO 23084 --- [orderservice] [http-nio-8888-exec-5] c.c.o.o.h.OrderApplicationServiceImpl    : Received create order command for customer: d215b5f8-0249-4dc5-89a3-51fd148cfb41 and restaurant: d215b5f8-0249-4dc5-89a3-51fd148cfb45
2025-10-19T22:13:10.110+07:00  INFO 23084 --- [orderservice] [http-nio-8888-exec-5] c.c.o.o.handler.OrderCreateHelper        : Order is saved with id: b6c83be2-3440-4d17-bdb3-b011e6c369f4
2025-10-19T22:13:10.124+07:00  INFO 23084 --- [orderservice] [http-nio-8888-exec-5] c.c.o.o.h.OrderCreateCommandHandler      : Order is created with id: b6c83be2-3440-4d17-bdb3-b011e6c369f4
2025-10-19T22:13:10.125+07:00  INFO 23084 --- [orderservice] [http-nio-8888-exec-5] c.c.o.o.rest.OrderController             : Order created with tracking id: 8f0e357e-75d2-4f43-97f8-1cc4d1001d8b
2025-10-19T22:32:00.129+07:00  WARN 23084 --- [orderservice] [HikariPool-5:housekeeper] com.zaxxer.hikari.pool.HikariPool        : HikariPool-5 - Thread starvation or clock leap detected (housekeeper delta=6m15s855ms434µs700ns).
2025-10-19T22:45:06.816+07:00  INFO 28632 --- [orderservice] [restartedMain] c.c.o.o.c.OrderserviceApplication        : Starting OrderserviceApplication using Java 21.0.7 with PID 28632 (C:\Users\ADMIN\Desktop\kientruc\New folder\Orderservice\backend\orderservice\order-container\target\classes started by ADMIN in C:\Users\ADMIN\Desktop\kientruc\New folder\Orderservice\backend\orderservice\order-container)
2025-10-19T22:45:06.822+07:00  INFO 28632 --- [orderservice] [restartedMain] c.c.o.o.c.OrderserviceApplication        : No active profile set, falling back to 1 default profile: "default"
2025-10-19T22:45:06.950+07:00  INFO 28632 --- [orderservice] [restartedMain] .e.DevToolsPropertyDefaultsPostProcessor : Devtools property defaults active! Set 'spring.devtools.add-properties' to 'false' to disable
2025-10-19T22:45:06.951+07:00  INFO 28632 --- [orderservice] [restartedMain] .e.DevToolsPropertyDefaultsPostProcessor : For additional web related logging consider setting the 'logging.level.web' property to 'DEBUG'
2025-10-19T22:45:08.787+07:00  INFO 28632 --- [orderservice] [restartedMain] .s.d.r.c.RepositoryConfigurationDelegate : Bootstrapping Spring Data JPA repositories in DEFAULT mode.
2025-10-19T22:45:08.918+07:00  INFO 28632 --- [orderservice] [restartedMain] .s.d.r.c.RepositoryConfigurationDelegate : Finished Spring Data repository scanning in 106 ms. Found 1 JPA repository interface.
2025-10-19T22:45:11.622+07:00  INFO 28632 --- [orderservice] [restartedMain] o.s.b.w.embedded.tomcat.TomcatWebServer  : Tomcat initialized with port 8888 (http)
2025-10-19T22:45:11.700+07:00  INFO 28632 --- [orderservice] [restartedMain] o.apache.catalina.core.StandardService   : Starting service [Tomcat]
2025-10-19T22:45:11.701+07:00  INFO 28632 --- [orderservice] [restartedMain] o.apache.catalina.core.StandardEngine    : Starting Servlet engine: [Apache Tomcat/10.1.46]
2025-10-19T22:45:11.899+07:00  INFO 28632 --- [orderservice] [restartedMain] o.a.c.c.C.[Tomcat].[localhost].[/]       : Initializing Spring embedded WebApplicationContext
2025-10-19T22:45:11.901+07:00  INFO 28632 --- [orderservice] [restartedMain] w.s.c.ServletWebServerApplicationContext : Root WebApplicationContext: initialization completed in 4948 ms
2025-10-19T22:45:12.759+07:00  INFO 28632 --- [orderservice] [restartedMain] o.hibernate.jpa.internal.util.LogHelper  : HHH000204: Processing PersistenceUnitInfo [name: default]
2025-10-19T22:45:13.521+07:00  INFO 28632 --- [orderservice] [restartedMain] org.hibernate.Version                    : HHH000412: Hibernate ORM core version 6.6.29.Final
2025-10-19T22:45:13.809+07:00  INFO 28632 --- [orderservice] [restartedMain] o.h.c.internal.RegionFactoryInitiator    : HHH000026: Second-level cache disabled
2025-10-19T22:45:14.643+07:00  INFO 28632 --- [orderservice] [restartedMain] o.s.o.j.p.SpringPersistenceUnitInfo      : No LoadTimeWeaver setup: ignoring JPA class transformer
2025-10-19T22:45:14.727+07:00  INFO 28632 --- [orderservice] [restartedMain] com.zaxxer.hikari.HikariDataSource       : HikariPool-1 - Starting...
2025-10-19T22:45:15.087+07:00  INFO 28632 --- [orderservice] [restartedMain] com.zaxxer.hikari.pool.HikariPool        : HikariPool-1 - Added connection org.postgresql.jdbc.PgConnection@47ca864f
2025-10-19T22:45:15.091+07:00  INFO 28632 --- [orderservice] [restartedMain] com.zaxxer.hikari.HikariDataSource       : HikariPool-1 - Start completed.
2025-10-19T22:45:15.184+07:00  WARN 28632 --- [orderservice] [restartedMain] org.hibernate.orm.deprecation            : HHH90000025: PostgreSQLDialect does not need to be specified explicitly using 'hibernate.dialect' (remove the property setting and it will be selected by default)
2025-10-19T22:45:15.238+07:00  INFO 28632 --- [orderservice] [restartedMain] org.hibernate.orm.connections.pooling    : HHH10001005: Database info:
	Database JDBC URL [Connecting through datasource 'HikariDataSource (HikariPool-1)']
	Database driver: undefined/unknown
	Database version: 14.19
	Autocommit mode: undefined/unknown
	Isolation level: undefined/unknown
	Minimum pool size: undefined/unknown
	Maximum pool size: undefined/unknown
2025-10-19T22:45:17.050+07:00  INFO 28632 --- [orderservice] [restartedMain] o.h.e.t.j.p.i.JtaPlatformInitiator       : HHH000489: No JTA platform available (set 'hibernate.transaction.jta.platform' to enable JTA platform integration)
2025-10-19T22:45:17.293+07:00  INFO 28632 --- [orderservice] [restartedMain] j.LocalContainerEntityManagerFactoryBean : Initialized JPA EntityManagerFactory for persistence unit 'default'
2025-10-19T22:45:17.891+07:00  WARN 28632 --- [orderservice] [restartedMain] JpaBaseConfiguration$JpaWebConfiguration : spring.jpa.open-in-view is enabled by default. Therefore, database queries may be performed during view rendering. Explicitly configure spring.jpa.open-in-view to disable this warning
2025-10-19T22:45:18.743+07:00  WARN 28632 --- [orderservice] [restartedMain] o.s.b.d.a.OptionalLiveReloadServer       : Unable to start LiveReload server
2025-10-19T22:45:18.784+07:00  WARN 28632 --- [orderservice] [restartedMain] ConfigServletWebServerApplicationContext : Exception encountered during context initialization - cancelling refresh attempt: org.springframework.context.ApplicationContextException: Failed to start bean 'webServerStartStop'
2025-10-19T22:45:18.789+07:00  INFO 28632 --- [orderservice] [restartedMain] j.LocalContainerEntityManagerFactoryBean : Closing JPA EntityManagerFactory for persistence unit 'default'
2025-10-19T22:45:18.799+07:00  INFO 28632 --- [orderservice] [restartedMain] com.zaxxer.hikari.HikariDataSource       : HikariPool-1 - Shutdown initiated...
2025-10-19T22:45:18.810+07:00  INFO 28632 --- [orderservice] [restartedMain] com.zaxxer.hikari.HikariDataSource       : HikariPool-1 - Shutdown completed.
2025-10-19T22:45:18.872+07:00  INFO 28632 --- [orderservice] [restartedMain] .s.b.a.l.ConditionEvaluationReportLogger : 

Error starting ApplicationContext. To display the condition evaluation report re-run your application with 'debug' enabled.
2025-10-19T22:45:18.922+07:00 ERROR 28632 --- [orderservice] [restartedMain] o.s.b.d.LoggingFailureAnalysisReporter   : 

***************************
APPLICATION FAILED TO START
***************************

Description:

Web server failed to start. Port 8888 was already in use.

Action:

Identify and stop the process that's listening on port 8888 or configure this application to listen on another port.

2025-10-19T22:46:10.072+07:00  INFO 23084 --- [orderservice] [File Watcher] rtingClassPathChangeChangedEventListener : Restarting due to 1 class path change (0 additions, 0 deletions, 1 modification)
2025-10-19T22:46:10.109+07:00  INFO 23084 --- [orderservice] [Thread-19] o.s.b.w.e.tomcat.GracefulShutdown        : Commencing graceful shutdown. Waiting for active requests to complete
2025-10-19T22:46:10.153+07:00  INFO 23084 --- [orderservice] [tomcat-shutdown] o.s.b.w.e.tomcat.GracefulShutdown        : Graceful shutdown complete
2025-10-19T22:46:10.180+07:00  INFO 23084 --- [orderservice] [Thread-19] j.LocalContainerEntityManagerFactoryBean : Closing JPA EntityManagerFactory for persistence unit 'default'
2025-10-19T22:46:10.212+07:00  INFO 23084 --- [orderservice] [Thread-19] com.zaxxer.hikari.HikariDataSource       : HikariPool-5 - Shutdown initiated...
2025-10-19T22:46:10.260+07:00  INFO 23084 --- [orderservice] [Thread-19] com.zaxxer.hikari.HikariDataSource       : HikariPool-5 - Shutdown completed.
2025-10-19T22:46:10.775+07:00  INFO 23084 --- [orderservice] [restartedMain] c.c.o.o.c.OrderserviceApplication        : Starting OrderserviceApplication using Java 21.0.7 with PID 23084 (C:\Users\ADMIN\Desktop\kientruc\New folder\Orderservice\backend\orderservice\order-container\target\classes started by ADMIN in C:\Users\ADMIN\Desktop\kientruc\New folder\Orderservice\backend\orderservice\order-container)
2025-10-19T22:46:10.775+07:00  INFO 23084 --- [orderservice] [restartedMain] c.c.o.o.c.OrderserviceApplication        : No active profile set, falling back to 1 default profile: "default"
2025-10-19T22:46:11.435+07:00  INFO 23084 --- [orderservice] [restartedMain] .s.d.r.c.RepositoryConfigurationDelegate : Bootstrapping Spring Data JPA repositories in DEFAULT mode.
2025-10-19T22:46:11.460+07:00  INFO 23084 --- [orderservice] [restartedMain] .s.d.r.c.RepositoryConfigurationDelegate : Finished Spring Data repository scanning in 22 ms. Found 1 JPA repository interface.
2025-10-19T22:46:11.996+07:00  INFO 23084 --- [orderservice] [restartedMain] o.s.b.w.embedded.tomcat.TomcatWebServer  : Tomcat initialized with port 6666 (http)
2025-10-19T22:46:12.002+07:00  INFO 23084 --- [orderservice] [restartedMain] o.apache.catalina.core.StandardService   : Starting service [Tomcat]
2025-10-19T22:46:12.002+07:00  INFO 23084 --- [orderservice] [restartedMain] o.apache.catalina.core.StandardEngine    : Starting Servlet engine: [Apache Tomcat/10.1.46]
2025-10-19T22:46:12.122+07:00  INFO 23084 --- [orderservice] [restartedMain] o.a.c.c.C.[Tomcat].[localhost].[/]       : Initializing Spring embedded WebApplicationContext
2025-10-19T22:46:12.123+07:00  INFO 23084 --- [orderservice] [restartedMain] w.s.c.ServletWebServerApplicationContext : Root WebApplicationContext: initialization completed in 1329 ms
2025-10-19T22:46:12.254+07:00  INFO 23084 --- [orderservice] [restartedMain] o.hibernate.jpa.internal.util.LogHelper  : HHH000204: Processing PersistenceUnitInfo [name: default]
2025-10-19T22:46:12.277+07:00  INFO 23084 --- [orderservice] [restartedMain] o.h.c.internal.RegionFactoryInitiator    : HHH000026: Second-level cache disabled
2025-10-19T22:46:12.313+07:00  INFO 23084 --- [orderservice] [restartedMain] o.s.o.j.p.SpringPersistenceUnitInfo      : No LoadTimeWeaver setup: ignoring JPA class transformer
2025-10-19T22:46:12.327+07:00  INFO 23084 --- [orderservice] [restartedMain] com.zaxxer.hikari.HikariDataSource       : HikariPool-6 - Starting...
2025-10-19T22:46:12.411+07:00  INFO 23084 --- [orderservice] [restartedMain] com.zaxxer.hikari.pool.HikariPool        : HikariPool-6 - Added connection org.postgresql.jdbc.PgConnection@290c0ce
2025-10-19T22:46:12.413+07:00  INFO 23084 --- [orderservice] [restartedMain] com.zaxxer.hikari.HikariDataSource       : HikariPool-6 - Start completed.
2025-10-19T22:46:12.433+07:00  WARN 23084 --- [orderservice] [restartedMain] org.hibernate.orm.deprecation            : HHH90000025: PostgreSQLDialect does not need to be specified explicitly using 'hibernate.dialect' (remove the property setting and it will be selected by default)
2025-10-19T22:46:12.436+07:00  INFO 23084 --- [orderservice] [restartedMain] org.hibernate.orm.connections.pooling    : HHH10001005: Database info:
	Database JDBC URL [Connecting through datasource 'HikariDataSource (HikariPool-6)']
	Database driver: undefined/unknown
	Database version: 14.19
	Autocommit mode: undefined/unknown
	Isolation level: undefined/unknown
	Minimum pool size: undefined/unknown
	Maximum pool size: undefined/unknown
2025-10-19T22:46:12.720+07:00  INFO 23084 --- [orderservice] [restartedMain] o.h.e.t.j.p.i.JtaPlatformInitiator       : HHH000489: No JTA platform available (set 'hibernate.transaction.jta.platform' to enable JTA platform integration)
2025-10-19T22:46:12.941+07:00  INFO 23084 --- [orderservice] [restartedMain] j.LocalContainerEntityManagerFactoryBean : Initialized JPA EntityManagerFactory for persistence unit 'default'
2025-10-19T22:46:13.218+07:00  WARN 23084 --- [orderservice] [restartedMain] JpaBaseConfiguration$JpaWebConfiguration : spring.jpa.open-in-view is enabled by default. Therefore, database queries may be performed during view rendering. Explicitly configure spring.jpa.open-in-view to disable this warning
2025-10-19T22:46:13.488+07:00  INFO 23084 --- [orderservice] [restartedMain] o.s.b.d.a.OptionalLiveReloadServer       : LiveReload server is running on port 35729
2025-10-19T22:46:13.515+07:00  INFO 23084 --- [orderservice] [restartedMain] o.s.b.w.embedded.tomcat.TomcatWebServer  : Tomcat started on port 6666 (http) with context path '/'
2025-10-19T22:46:13.529+07:00  INFO 23084 --- [orderservice] [restartedMain] c.c.o.o.c.OrderserviceApplication        : Started OrderserviceApplication in 2.952 seconds (process running for 3814.656)
2025-10-19T22:46:13.542+07:00  INFO 23084 --- [orderservice] [restartedMain] .ConditionEvaluationDeltaLoggingListener : Condition evaluation unchanged
2025-10-19T22:46:21.222+07:00  INFO 19516 --- [orderservice] [restartedMain] c.c.o.o.c.OrderserviceApplication        : Starting OrderserviceApplication using Java 21.0.7 with PID 19516 (C:\Users\ADMIN\Desktop\kientruc\New folder\Orderservice\backend\orderservice\order-container\target\classes started by ADMIN in C:\Users\ADMIN\Desktop\kientruc\New folder\Orderservice\backend\orderservice\order-container)
2025-10-19T22:46:21.229+07:00  INFO 19516 --- [orderservice] [restartedMain] c.c.o.o.c.OrderserviceApplication        : No active profile set, falling back to 1 default profile: "default"
2025-10-19T22:46:21.359+07:00  INFO 19516 --- [orderservice] [restartedMain] .e.DevToolsPropertyDefaultsPostProcessor : Devtools property defaults active! Set 'spring.devtools.add-properties' to 'false' to disable
2025-10-19T22:46:21.359+07:00  INFO 19516 --- [orderservice] [restartedMain] .e.DevToolsPropertyDefaultsPostProcessor : For additional web related logging consider setting the 'logging.level.web' property to 'DEBUG'
2025-10-19T22:46:22.985+07:00  INFO 19516 --- [orderservice] [restartedMain] .s.d.r.c.RepositoryConfigurationDelegate : Bootstrapping Spring Data JPA repositories in DEFAULT mode.
2025-10-19T22:46:23.135+07:00  INFO 19516 --- [orderservice] [restartedMain] .s.d.r.c.RepositoryConfigurationDelegate : Finished Spring Data repository scanning in 110 ms. Found 1 JPA repository interface.
2025-10-19T22:46:25.354+07:00  INFO 19516 --- [orderservice] [restartedMain] o.s.b.w.embedded.tomcat.TomcatWebServer  : Tomcat initialized with port 6666 (http)
2025-10-19T22:46:25.395+07:00  INFO 19516 --- [orderservice] [restartedMain] o.apache.catalina.core.StandardService   : Starting service [Tomcat]
2025-10-19T22:46:25.395+07:00  INFO 19516 --- [orderservice] [restartedMain] o.apache.catalina.core.StandardEngine    : Starting Servlet engine: [Apache Tomcat/10.1.46]
2025-10-19T22:46:25.542+07:00  INFO 19516 --- [orderservice] [restartedMain] o.a.c.c.C.[Tomcat].[localhost].[/]       : Initializing Spring embedded WebApplicationContext
2025-10-19T22:46:25.543+07:00  INFO 19516 --- [orderservice] [restartedMain] w.s.c.ServletWebServerApplicationContext : Root WebApplicationContext: initialization completed in 4183 ms
2025-10-19T22:46:26.164+07:00  INFO 19516 --- [orderservice] [restartedMain] o.hibernate.jpa.internal.util.LogHelper  : HHH000204: Processing PersistenceUnitInfo [name: default]
2025-10-19T22:46:26.847+07:00  INFO 19516 --- [orderservice] [restartedMain] org.hibernate.Version                    : HHH000412: Hibernate ORM core version 6.6.29.Final
2025-10-19T22:46:27.254+07:00  INFO 19516 --- [orderservice] [restartedMain] o.h.c.internal.RegionFactoryInitiator    : HHH000026: Second-level cache disabled
2025-10-19T22:46:28.101+07:00  INFO 19516 --- [orderservice] [restartedMain] o.s.o.j.p.SpringPersistenceUnitInfo      : No LoadTimeWeaver setup: ignoring JPA class transformer
2025-10-19T22:46:28.416+07:00  INFO 19516 --- [orderservice] [restartedMain] com.zaxxer.hikari.HikariDataSource       : HikariPool-1 - Starting...
2025-10-19T22:46:28.879+07:00  INFO 19516 --- [orderservice] [restartedMain] com.zaxxer.hikari.pool.HikariPool        : HikariPool-1 - Added connection org.postgresql.jdbc.PgConnection@5b7dbdd8
2025-10-19T22:46:28.883+07:00  INFO 19516 --- [orderservice] [restartedMain] com.zaxxer.hikari.HikariDataSource       : HikariPool-1 - Start completed.
2025-10-19T22:46:28.934+07:00  WARN 19516 --- [orderservice] [restartedMain] org.hibernate.orm.deprecation            : HHH90000025: PostgreSQLDialect does not need to be specified explicitly using 'hibernate.dialect' (remove the property setting and it will be selected by default)
2025-10-19T22:46:28.974+07:00  INFO 19516 --- [orderservice] [restartedMain] org.hibernate.orm.connections.pooling    : HHH10001005: Database info:
	Database JDBC URL [Connecting through datasource 'HikariDataSource (HikariPool-1)']
	Database driver: undefined/unknown
	Database version: 14.19
	Autocommit mode: undefined/unknown
	Isolation level: undefined/unknown
	Minimum pool size: undefined/unknown
	Maximum pool size: undefined/unknown
2025-10-19T22:46:30.228+07:00  INFO 19516 --- [orderservice] [restartedMain] o.h.e.t.j.p.i.JtaPlatformInitiator       : HHH000489: No JTA platform available (set 'hibernate.transaction.jta.platform' to enable JTA platform integration)
2025-10-19T22:46:30.443+07:00  INFO 19516 --- [orderservice] [restartedMain] j.LocalContainerEntityManagerFactoryBean : Initialized JPA EntityManagerFactory for persistence unit 'default'
2025-10-19T22:46:31.041+07:00  WARN 19516 --- [orderservice] [restartedMain] JpaBaseConfiguration$JpaWebConfiguration : spring.jpa.open-in-view is enabled by default. Therefore, database queries may be performed during view rendering. Explicitly configure spring.jpa.open-in-view to disable this warning
2025-10-19T22:46:32.253+07:00  WARN 19516 --- [orderservice] [restartedMain] o.s.b.d.a.OptionalLiveReloadServer       : Unable to start LiveReload server
2025-10-19T22:46:32.294+07:00  WARN 19516 --- [orderservice] [restartedMain] ConfigServletWebServerApplicationContext : Exception encountered during context initialization - cancelling refresh attempt: org.springframework.context.ApplicationContextException: Failed to start bean 'webServerStartStop'
2025-10-19T22:46:32.300+07:00  INFO 19516 --- [orderservice] [restartedMain] j.LocalContainerEntityManagerFactoryBean : Closing JPA EntityManagerFactory for persistence unit 'default'
2025-10-19T22:46:32.310+07:00  INFO 19516 --- [orderservice] [restartedMain] com.zaxxer.hikari.HikariDataSource       : HikariPool-1 - Shutdown initiated...
2025-10-19T22:46:32.333+07:00  INFO 19516 --- [orderservice] [restartedMain] com.zaxxer.hikari.HikariDataSource       : HikariPool-1 - Shutdown completed.
2025-10-19T22:46:32.376+07:00  INFO 19516 --- [orderservice] [restartedMain] .s.b.a.l.ConditionEvaluationReportLogger : 

Error starting ApplicationContext. To display the condition evaluation report re-run your application with 'debug' enabled.
2025-10-19T22:46:32.451+07:00 ERROR 19516 --- [orderservice] [restartedMain] o.s.b.d.LoggingFailureAnalysisReporter   : 

***************************
APPLICATION FAILED TO START
***************************

Description:

Web server failed to start. Port 6666 was already in use.

Action:

Identify and stop the process that's listening on port 6666 or configure this application to listen on another port.

2025-10-19T22:46:56.281+07:00  INFO 23084 --- [orderservice] [File Watcher] rtingClassPathChangeChangedEventListener : Restarting due to 1 class path change (0 additions, 0 deletions, 1 modification)
2025-10-19T22:46:56.282+07:00  INFO 23084 --- [orderservice] [Thread-23] o.s.b.w.e.tomcat.GracefulShutdown        : Commencing graceful shutdown. Waiting for active requests to complete
2025-10-19T22:46:56.289+07:00  INFO 23084 --- [orderservice] [tomcat-shutdown] o.s.b.w.e.tomcat.GracefulShutdown        : Graceful shutdown complete
2025-10-19T22:46:56.290+07:00  INFO 23084 --- [orderservice] [Thread-23] j.LocalContainerEntityManagerFactoryBean : Closing JPA EntityManagerFactory for persistence unit 'default'
2025-10-19T22:46:56.291+07:00  INFO 23084 --- [orderservice] [Thread-23] com.zaxxer.hikari.HikariDataSource       : HikariPool-6 - Shutdown initiated...
2025-10-19T22:46:56.296+07:00  INFO 23084 --- [orderservice] [Thread-23] com.zaxxer.hikari.HikariDataSource       : HikariPool-6 - Shutdown completed.
2025-10-19T22:46:56.429+07:00  INFO 23084 --- [orderservice] [restartedMain] c.c.o.o.c.OrderserviceApplication        : Starting OrderserviceApplication using Java 21.0.7 with PID 23084 (C:\Users\ADMIN\Desktop\kientruc\New folder\Orderservice\backend\orderservice\order-container\target\classes started by ADMIN in C:\Users\ADMIN\Desktop\kientruc\New folder\Orderservice\backend\orderservice\order-container)
2025-10-19T22:46:56.429+07:00  INFO 23084 --- [orderservice] [restartedMain] c.c.o.o.c.OrderserviceApplication        : No active profile set, falling back to 1 default profile: "default"
2025-10-19T22:46:56.817+07:00  INFO 23084 --- [orderservice] [restartedMain] .s.d.r.c.RepositoryConfigurationDelegate : Bootstrapping Spring Data JPA repositories in DEFAULT mode.
2025-10-19T22:46:56.832+07:00  INFO 23084 --- [orderservice] [restartedMain] .s.d.r.c.RepositoryConfigurationDelegate : Finished Spring Data repository scanning in 12 ms. Found 1 JPA repository interface.
2025-10-19T22:46:57.070+07:00  INFO 23084 --- [orderservice] [restartedMain] o.s.b.w.embedded.tomcat.TomcatWebServer  : Tomcat initialized with port 8888 (http)
2025-10-19T22:46:57.073+07:00  INFO 23084 --- [orderservice] [restartedMain] o.apache.catalina.core.StandardService   : Starting service [Tomcat]
2025-10-19T22:46:57.074+07:00  INFO 23084 --- [orderservice] [restartedMain] o.apache.catalina.core.StandardEngine    : Starting Servlet engine: [Apache Tomcat/10.1.46]
2025-10-19T22:46:57.138+07:00  INFO 23084 --- [orderservice] [restartedMain] o.a.c.c.C.[Tomcat].[localhost].[/]       : Initializing Spring embedded WebApplicationContext
2025-10-19T22:46:57.140+07:00  INFO 23084 --- [orderservice] [restartedMain] w.s.c.ServletWebServerApplicationContext : Root WebApplicationContext: initialization completed in 706 ms
2025-10-19T22:46:57.197+07:00  INFO 23084 --- [orderservice] [restartedMain] o.hibernate.jpa.internal.util.LogHelper  : HHH000204: Processing PersistenceUnitInfo [name: default]
2025-10-19T22:46:57.206+07:00  INFO 23084 --- [orderservice] [restartedMain] o.h.c.internal.RegionFactoryInitiator    : HHH000026: Second-level cache disabled
2025-10-19T22:46:57.224+07:00  INFO 23084 --- [orderservice] [restartedMain] o.s.o.j.p.SpringPersistenceUnitInfo      : No LoadTimeWeaver setup: ignoring JPA class transformer
2025-10-19T22:46:57.228+07:00  INFO 23084 --- [orderservice] [restartedMain] com.zaxxer.hikari.HikariDataSource       : HikariPool-7 - Starting...
2025-10-19T22:46:57.280+07:00  INFO 23084 --- [orderservice] [restartedMain] com.zaxxer.hikari.pool.HikariPool        : HikariPool-7 - Added connection org.postgresql.jdbc.PgConnection@6ed67bb0
2025-10-19T22:46:57.281+07:00  INFO 23084 --- [orderservice] [restartedMain] com.zaxxer.hikari.HikariDataSource       : HikariPool-7 - Start completed.
2025-10-19T22:46:57.291+07:00  WARN 23084 --- [orderservice] [restartedMain] org.hibernate.orm.deprecation            : HHH90000025: PostgreSQLDialect does not need to be specified explicitly using 'hibernate.dialect' (remove the property setting and it will be selected by default)
2025-10-19T22:46:57.293+07:00  INFO 23084 --- [orderservice] [restartedMain] org.hibernate.orm.connections.pooling    : HHH10001005: Database info:
	Database JDBC URL [Connecting through datasource 'HikariDataSource (HikariPool-7)']
	Database driver: undefined/unknown
	Database version: 14.19
	Autocommit mode: undefined/unknown
	Isolation level: undefined/unknown
	Minimum pool size: undefined/unknown
	Maximum pool size: undefined/unknown
2025-10-19T22:46:57.415+07:00  INFO 23084 --- [orderservice] [restartedMain] o.h.e.t.j.p.i.JtaPlatformInitiator       : HHH000489: No JTA platform available (set 'hibernate.transaction.jta.platform' to enable JTA platform integration)
2025-10-19T22:46:57.553+07:00  INFO 23084 --- [orderservice] [restartedMain] j.LocalContainerEntityManagerFactoryBean : Initialized JPA EntityManagerFactory for persistence unit 'default'
2025-10-19T22:46:57.678+07:00  WARN 23084 --- [orderservice] [restartedMain] JpaBaseConfiguration$JpaWebConfiguration : spring.jpa.open-in-view is enabled by default. Therefore, database queries may be performed during view rendering. Explicitly configure spring.jpa.open-in-view to disable this warning
2025-10-19T22:46:57.766+07:00  INFO 23084 --- [orderservice] [restartedMain] o.s.b.d.a.OptionalLiveReloadServer       : LiveReload server is running on port 35729
2025-10-19T22:46:57.791+07:00  INFO 23084 --- [orderservice] [restartedMain] o.s.b.w.embedded.tomcat.TomcatWebServer  : Tomcat started on port 8888 (http) with context path '/'
2025-10-19T22:46:57.799+07:00  INFO 23084 --- [orderservice] [restartedMain] c.c.o.o.c.OrderserviceApplication        : Started OrderserviceApplication in 1.416 seconds (process running for 3858.926)
2025-10-19T22:46:57.800+07:00  INFO 23084 --- [orderservice] [restartedMain] .ConditionEvaluationDeltaLoggingListener : Condition evaluation unchanged
2025-10-19T22:47:05.430+07:00  INFO 23084 --- [orderservice] [File Watcher] rtingClassPathChangeChangedEventListener : Restarting due to 1 class path change (0 additions, 0 deletions, 1 modification)
2025-10-19T22:47:05.432+07:00  INFO 23084 --- [orderservice] [Thread-27] o.s.b.w.e.tomcat.GracefulShutdown        : Commencing graceful shutdown. Waiting for active requests to complete
2025-10-19T22:47:05.438+07:00  INFO 23084 --- [orderservice] [tomcat-shutdown] o.s.b.w.e.tomcat.GracefulShutdown        : Graceful shutdown complete
2025-10-19T22:47:05.440+07:00  INFO 23084 --- [orderservice] [Thread-27] j.LocalContainerEntityManagerFactoryBean : Closing JPA EntityManagerFactory for persistence unit 'default'
2025-10-19T22:47:05.440+07:00  INFO 23084 --- [orderservice] [Thread-27] com.zaxxer.hikari.HikariDataSource       : HikariPool-7 - Shutdown initiated...
2025-10-19T22:47:05.442+07:00  INFO 23084 --- [orderservice] [Thread-27] com.zaxxer.hikari.HikariDataSource       : HikariPool-7 - Shutdown completed.
2025-10-19T22:51:17.727+07:00  INFO 11776 --- [orderservice] [restartedMain] c.c.o.o.c.OrderserviceApplication        : Starting OrderserviceApplication using Java 21.0.7 with PID 11776 (C:\Users\ADMIN\Desktop\kientruc\New folder\Orderservice\backend\orderservice\order-container\target\classes started by ADMIN in C:\Users\ADMIN\Desktop\kientruc\New folder\Orderservice\backend\orderservice\order-container)
2025-10-19T22:51:17.729+07:00  INFO 11776 --- [orderservice] [restartedMain] c.c.o.o.c.OrderserviceApplication        : No active profile set, falling back to 1 default profile: "default"
2025-10-19T22:51:18.117+07:00  INFO 11776 --- [orderservice] [restartedMain] .s.d.r.c.RepositoryConfigurationDelegate : Bootstrapping Spring Data JPA repositories in DEFAULT mode.
2025-10-19T22:51:18.131+07:00  INFO 11776 --- [orderservice] [restartedMain] .s.d.r.c.RepositoryConfigurationDelegate : Finished Spring Data repository scanning in 12 ms. Found 1 JPA repository interface.
2025-10-19T22:51:18.597+07:00  INFO 11776 --- [orderservice] [restartedMain] o.s.b.w.embedded.tomcat.TomcatWebServer  : Tomcat initialized with port 8888 (http)
2025-10-19T22:51:18.598+07:00  INFO 11776 --- [orderservice] [restartedMain] o.apache.catalina.core.StandardService   : Starting service [Tomcat]
2025-10-19T22:51:18.599+07:00  INFO 11776 --- [orderservice] [restartedMain] o.apache.catalina.core.StandardEngine    : Starting Servlet engine: [Apache Tomcat/10.1.46]
2025-10-19T22:51:18.700+07:00  INFO 11776 --- [orderservice] [restartedMain] o.a.c.c.C.[Tomcat].[localhost].[/]       : Initializing Spring embedded WebApplicationContext
2025-10-19T22:51:18.702+07:00  INFO 11776 --- [orderservice] [restartedMain] w.s.c.ServletWebServerApplicationContext : Root WebApplicationContext: initialization completed in 967 ms
2025-10-19T22:51:18.822+07:00  INFO 11776 --- [orderservice] [restartedMain] o.hibernate.jpa.internal.util.LogHelper  : HHH000204: Processing PersistenceUnitInfo [name: default]
2025-10-19T22:51:18.838+07:00  INFO 11776 --- [orderservice] [restartedMain] o.h.c.internal.RegionFactoryInitiator    : HHH000026: Second-level cache disabled
2025-10-19T22:51:18.876+07:00  INFO 11776 --- [orderservice] [restartedMain] o.s.o.j.p.SpringPersistenceUnitInfo      : No LoadTimeWeaver setup: ignoring JPA class transformer
2025-10-19T22:51:18.880+07:00  INFO 11776 --- [orderservice] [restartedMain] com.zaxxer.hikari.HikariDataSource       : HikariPool-2 - Starting...
2025-10-19T22:51:19.034+07:00  INFO 11776 --- [orderservice] [restartedMain] com.zaxxer.hikari.pool.HikariPool        : HikariPool-2 - Added connection org.postgresql.jdbc.PgConnection@1c4cad76
2025-10-19T22:51:19.034+07:00  INFO 11776 --- [orderservice] [restartedMain] com.zaxxer.hikari.HikariDataSource       : HikariPool-2 - Start completed.
2025-10-19T22:51:19.055+07:00  WARN 11776 --- [orderservice] [restartedMain] org.hibernate.orm.deprecation            : HHH90000025: PostgreSQLDialect does not need to be specified explicitly using 'hibernate.dialect' (remove the property setting and it will be selected by default)
2025-10-19T22:51:19.058+07:00  INFO 11776 --- [orderservice] [restartedMain] org.hibernate.orm.connections.pooling    : HHH10001005: Database info:
	Database JDBC URL [Connecting through datasource 'HikariDataSource (HikariPool-2)']
	Database driver: undefined/unknown
	Database version: 14.19
	Autocommit mode: undefined/unknown
	Isolation level: undefined/unknown
	Minimum pool size: undefined/unknown
	Maximum pool size: undefined/unknown
2025-10-19T22:51:19.218+07:00  INFO 11776 --- [orderservice] [restartedMain] o.h.e.t.j.p.i.JtaPlatformInitiator       : HHH000489: No JTA platform available (set 'hibernate.transaction.jta.platform' to enable JTA platform integration)
2025-10-19T22:51:19.537+07:00  INFO 11776 --- [orderservice] [restartedMain] j.LocalContainerEntityManagerFactoryBean : Initialized JPA EntityManagerFactory for persistence unit 'default'
2025-10-19T22:51:19.833+07:00  WARN 11776 --- [orderservice] [restartedMain] JpaBaseConfiguration$JpaWebConfiguration : spring.jpa.open-in-view is enabled by default. Therefore, database queries may be performed during view rendering. Explicitly configure spring.jpa.open-in-view to disable this warning
2025-10-19T22:51:20.179+07:00  INFO 11776 --- [orderservice] [restartedMain] o.s.b.d.a.OptionalLiveReloadServer       : LiveReload server is running on port 35729
2025-10-19T22:51:20.210+07:00  INFO 11776 --- [orderservice] [restartedMain] o.s.b.w.embedded.tomcat.TomcatWebServer  : Tomcat started on port 8888 (http) with context path '/'
2025-10-19T22:51:20.216+07:00  INFO 11776 --- [orderservice] [restartedMain] c.c.o.o.c.OrderserviceApplication        : Started OrderserviceApplication in 2.578 seconds (process running for 147.221)
2025-10-19T22:51:20.220+07:00  INFO 11776 --- [orderservice] [restartedMain] .ConditionEvaluationDeltaLoggingListener : Condition evaluation unchanged
